mode: set
github.com/jkleemann/coltty/adapter/adapter.go:25.64,26.29 1 1
github.com/jkleemann/coltty/adapter/adapter.go:26.29,27.17 1 1
github.com/jkleemann/coltty/adapter/adapter.go:27.17,29.4 1 1
github.com/jkleemann/coltty/adapter/adapter.go:31.2,31.12 1 1
github.com/jkleemann/coltty/adapter/adapter.go:36.38,58.2 1 1
github.com/jkleemann/coltty/adapter/color.go:11.38,13.19 2 1
github.com/jkleemann/coltty/adapter/color.go:13.19,15.3 1 1
github.com/jkleemann/coltty/adapter/color.go:16.2,16.62 1 1
github.com/jkleemann/coltty/adapter/color.go:16.62,18.3 1 1
github.com/jkleemann/coltty/adapter/color.go:19.2,19.62 1 1
github.com/jkleemann/coltty/adapter/color.go:19.62,21.3 1 1
github.com/jkleemann/coltty/adapter/color.go:22.2,22.62 1 1
github.com/jkleemann/coltty/adapter/color.go:22.62,24.3 1 1
github.com/jkleemann/coltty/adapter/color.go:25.2,25.12 1 1
github.com/jkleemann/coltty/adapter/color.go:32.54,33.41 1 1
github.com/jkleemann/coltty/adapter/color.go:33.41,35.3 1 1
github.com/jkleemann/coltty/adapter/color.go:37.2,42.62 5 1
github.com/jkleemann/coltty/adapter/ghostty.go:21.61,22.24 1 1
github.com/jkleemann/coltty/adapter/ghostty.go:22.24,25.3 2 1
github.com/jkleemann/coltty/adapter/ghostty.go:26.2,26.52 1 1
github.com/jkleemann/coltty/adapter/ghostty.go:29.40,31.2 1 1
github.com/jkleemann/coltty/adapter/ghostty.go:33.40,35.2 1 1
github.com/jkleemann/coltty/adapter/ghostty.go:37.62,39.48 1 1
github.com/jkleemann/coltty/adapter/ghostty.go:39.48,41.3 1 1
github.com/jkleemann/coltty/adapter/ghostty.go:44.2,46.12 2 1
github.com/jkleemann/coltty/adapter/ghostty.go:49.70,53.47 3 1
github.com/jkleemann/coltty/adapter/ghostty.go:53.47,55.3 1 0
github.com/jkleemann/coltty/adapter/ghostty.go:57.2,57.76 1 1
github.com/jkleemann/coltty/adapter/ghostty.go:57.76,59.3 1 1
github.com/jkleemann/coltty/adapter/ghostty.go:61.2,61.12 1 1
github.com/jkleemann/coltty/adapter/ghostty.go:65.72,68.29 2 1
github.com/jkleemann/coltty/adapter/ghostty.go:68.29,70.3 1 1
github.com/jkleemann/coltty/adapter/ghostty.go:71.2,71.29 1 1
github.com/jkleemann/coltty/adapter/ghostty.go:71.29,73.3 1 1
github.com/jkleemann/coltty/adapter/ghostty.go:74.2,74.25 1 1
github.com/jkleemann/coltty/adapter/ghostty.go:74.25,76.3 1 1
github.com/jkleemann/coltty/adapter/ghostty.go:77.2,77.39 1 1
github.com/jkleemann/coltty/adapter/ghostty.go:77.39,79.3 1 1
github.com/jkleemann/coltty/adapter/ghostty.go:81.2,81.19 1 1
github.com/jkleemann/coltty/adapter/iterm2.go:16.38,18.2 1 1
github.com/jkleemann/coltty/adapter/iterm2.go:20.38,22.2 1 1
github.com/jkleemann/coltty/adapter/iterm2.go:24.38,26.2 1 1
github.com/jkleemann/coltty/adapter/iterm2.go:28.60,36.2 3 1
github.com/jkleemann/coltty/adapter/iterm2.go:39.64,40.26 1 1
github.com/jkleemann/coltty/adapter/iterm2.go:40.26,42.3 1 1
github.com/jkleemann/coltty/adapter/iterm2.go:44.2,45.14 2 1
github.com/jkleemann/coltty/adapter/iterm2.go:45.14,47.3 1 0
github.com/jkleemann/coltty/adapter/iterm2.go:49.2,51.40 2 1
github.com/jkleemann/coltty/adapter/iterm2.go:51.40,53.3 1 1
github.com/jkleemann/coltty/adapter/iterm2.go:54.2,54.41 1 1
github.com/jkleemann/coltty/adapter/iterm2.go:54.41,56.3 1 1
github.com/jkleemann/coltty/adapter/iterm2.go:57.2,57.57 1 1
github.com/jkleemann/coltty/adapter/iterm2.go:57.57,59.3 1 1
github.com/jkleemann/coltty/adapter/iterm2.go:60.2,60.57 1 1
github.com/jkleemann/coltty/adapter/iterm2.go:60.57,62.3 1 1
github.com/jkleemann/coltty/adapter/iterm2.go:63.2,63.49 1 1
github.com/jkleemann/coltty/adapter/iterm2.go:63.49,65.3 1 1
github.com/jkleemann/coltty/adapter/iterm2.go:67.2,67.25 1 1
github.com/jkleemann/coltty/adapter/iterm2.go:71.37,73.2 1 1
github.com/jkleemann/coltty/adapter/osc.go:17.51,19.14 2 1
github.com/jkleemann/coltty/adapter/osc.go:19.14,21.3 1 1
github.com/jkleemann/coltty/adapter/osc.go:23.2,25.29 2 1
github.com/jkleemann/coltty/adapter/osc.go:25.29,27.3 1 1
github.com/jkleemann/coltty/adapter/osc.go:28.2,28.29 1 1
github.com/jkleemann/coltty/adapter/osc.go:28.29,30.3 1 1
github.com/jkleemann/coltty/adapter/osc.go:31.2,31.25 1 1
github.com/jkleemann/coltty/adapter/osc.go:31.25,33.3 1 1
github.com/jkleemann/coltty/adapter/osc.go:34.2,34.39 1 1
github.com/jkleemann/coltty/adapter/osc.go:34.39,36.3 1 1
github.com/jkleemann/coltty/adapter/osc.go:38.2,38.25 1 1
github.com/jkleemann/coltty/adapter/osc.go:43.43,44.18 1 1
github.com/jkleemann/coltty/adapter/osc.go:44.18,46.3 1 1
github.com/jkleemann/coltty/adapter/osc.go:47.2,47.14 1 1
github.com/jkleemann/coltty/adapter/osc.go:47.14,49.3 1 1
github.com/jkleemann/coltty/adapter/osc.go:50.2,50.23 1 1
github.com/jkleemann/coltty/adapter/osc.go:61.36,63.2 1 1
github.com/jkleemann/coltty/adapter/osc.go:65.36,67.2 1 1
github.com/jkleemann/coltty/adapter/osc.go:69.58,72.2 2 1
github.com/jkleemann/coltty/adapter/terminal_app.go:19.50,21.2 1 1
github.com/jkleemann/coltty/adapter/terminal_app.go:23.44,25.2 1 1
github.com/jkleemann/coltty/adapter/terminal_app.go:27.44,29.2 1 1
github.com/jkleemann/coltty/adapter/terminal_app.go:31.66,33.67 2 1
github.com/jkleemann/coltty/adapter/terminal_app.go:33.67,35.3 1 1
github.com/jkleemann/coltty/adapter/terminal_app.go:37.2,37.19 1 1
github.com/jkleemann/coltty/adapter/terminal_app.go:37.19,39.3 1 1
github.com/jkleemann/coltty/adapter/terminal_app.go:41.2,42.16 2 1
github.com/jkleemann/coltty/adapter/terminal_app.go:42.16,44.3 1 0
github.com/jkleemann/coltty/adapter/terminal_app.go:46.2,47.19 2 1
github.com/jkleemann/coltty/adapter/terminal_app.go:47.19,49.3 1 0
github.com/jkleemann/coltty/adapter/terminal_app.go:50.2,50.23 1 1
github.com/jkleemann/coltty/adapter/terminal_app.go:55.49,60.2 4 0
github.com/jkleemann/coltty/adapter/terminal_app.go:64.94,66.2 1 1
github.com/jkleemann/coltty/adapter/terminal_app.go:70.94,72.2 1 1
github.com/jkleemann/coltty/adapter/terminal_app.go:74.98,86.57 8 1
github.com/jkleemann/coltty/adapter/terminal_app.go:86.57,88.3 1 1
github.com/jkleemann/coltty/adapter/terminal_app.go:90.2,90.19 1 1
github.com/jkleemann/coltty/adapter/terminal_app.go:90.19,92.3 1 1
github.com/jkleemann/coltty/adapter/terminal_app.go:94.2,96.24 2 1
github.com/jkleemann/coltty/adapter/terminal_app.go:99.77,111.26 3 1
github.com/jkleemann/coltty/adapter/terminal_app.go:111.26,112.18 1 1
github.com/jkleemann/coltty/adapter/terminal_app.go:112.18,113.12 1 1
github.com/jkleemann/coltty/adapter/terminal_app.go:115.3,116.17 2 1
github.com/jkleemann/coltty/adapter/terminal_app.go:116.17,118.4 1 1
github.com/jkleemann/coltty/adapter/terminal_app.go:119.3,119.71 1 1
github.com/jkleemann/coltty/adapter/terminal_app.go:122.2,122.12 1 1
github.com/jkleemann/coltty/adapter/terminals.go:9.40,12.27 1 1
github.com/jkleemann/coltty/adapter/terminals.go:12.27,12.78 1 1
github.com/jkleemann/coltty/adapter/terminals.go:17.36,20.27 1 1
github.com/jkleemann/coltty/adapter/terminals.go:20.27,20.74 1 1
github.com/jkleemann/coltty/adapter/terminals.go:25.38,28.27 1 1
github.com/jkleemann/coltty/adapter/terminals.go:28.27,28.76 1 1
github.com/jkleemann/coltty/adapter/terminals.go:33.36,36.27 1 1
github.com/jkleemann/coltty/adapter/terminals.go:36.27,36.70 1 1
github.com/jkleemann/coltty/adapter/terminals.go:41.35,44.27 1 1
github.com/jkleemann/coltty/adapter/terminals.go:44.27,47.4 2 1
github.com/jkleemann/coltty/adapter/terminals.go:52.38,55.27 1 1
github.com/jkleemann/coltty/adapter/terminals.go:55.27,55.77 1 1
github.com/jkleemann/coltty/adapter/terminals.go:60.36,63.27 1 1
github.com/jkleemann/coltty/adapter/terminals.go:63.27,63.74 1 1
github.com/jkleemann/coltty/adapter/terminals.go:68.36,71.27 1 1
github.com/jkleemann/coltty/adapter/terminals.go:71.27,71.74 1 1
github.com/jkleemann/coltty/adapter/terminals.go:76.33,79.27 1 1
github.com/jkleemann/coltty/adapter/terminals.go:79.27,83.4 2 1
github.com/jkleemann/coltty/adapter/terminals.go:88.36,91.27 1 1
github.com/jkleemann/coltty/adapter/terminals.go:91.27,93.4 1 1
github.com/jkleemann/coltty/adapter/terminals.go:100.34,103.27 1 1
github.com/jkleemann/coltty/adapter/terminals.go:103.27,103.68 1 1
github.com/jkleemann/coltty/adapter/tmux.go:9.20,11.2 1 1
github.com/jkleemann/coltty/adapter/tmux.go:14.22,16.2 1 1
github.com/jkleemann/coltty/adapter/tmux.go:21.51,24.32 3 1
github.com/jkleemann/coltty/adapter/tmux.go:24.32,30.3 4 1
github.com/jkleemann/coltty/adapter/tmux.go:31.2,31.19 1 1
github.com/jkleemann/coltty/adapter/tmux.go:36.43,38.17 2 1
github.com/jkleemann/coltty/adapter/tmux.go:38.17,41.18 2 1
github.com/jkleemann/coltty/adapter/tmux.go:41.18,42.9 1 1
github.com/jkleemann/coltty/adapter/tmux.go:45.3,46.16 2 1
github.com/jkleemann/coltty/adapter/tmux.go:46.16,49.9 2 1
github.com/jkleemann/coltty/adapter/tmux.go:52.3,54.17 3 1
github.com/jkleemann/coltty/adapter/tmux.go:56.2,56.18 1 1
github.com/jkleemann/coltty/cmd_import.go:36.54,37.24 1 1
github.com/jkleemann/coltty/cmd_import.go:37.24,43.4 5 1
github.com/jkleemann/coltty/cmd_import.go:45.3,45.21 1 1
github.com/jkleemann/coltty/cmd_import.go:45.21,47.4 1 0
github.com/jkleemann/coltty/cmd_import.go:49.3,51.19 3 1
github.com/jkleemann/coltty/cmd_import.go:51.19,53.20 2 1
github.com/jkleemann/coltty/cmd_import.go:53.20,55.5 1 0
github.com/jkleemann/coltty/cmd_import.go:58.3,59.17 2 1
github.com/jkleemann/coltty/cmd_import.go:59.17,61.4 1 1
github.com/jkleemann/coltty/cmd_import.go:63.3,64.17 2 1
github.com/jkleemann/coltty/cmd_import.go:64.17,65.26 1 1
github.com/jkleemann/coltty/cmd_import.go:65.26,67.5 1 1
github.com/jkleemann/coltty/cmd_import.go:67.10,72.5 3 1
github.com/jkleemann/coltty/cmd_import.go:75.3,75.19 1 1
github.com/jkleemann/coltty/cmd_import.go:75.19,77.4 1 1
github.com/jkleemann/coltty/cmd_import.go:80.3,81.13 2 1
github.com/jkleemann/coltty/cmd_import.go:85.39,87.13 2 1
github.com/jkleemann/coltty/cmd_import.go:88.15,89.16 1 1
github.com/jkleemann/coltty/cmd_import.go:90.23,91.18 1 1
github.com/jkleemann/coltty/cmd_import.go:92.22,93.18 1 1
github.com/jkleemann/coltty/cmd_import.go:94.10,95.12 1 1
github.com/jkleemann/coltty/cmd_import.go:99.62,100.16 1 1
github.com/jkleemann/coltty/cmd_import.go:101.14,102.26 1 1
github.com/jkleemann/coltty/cmd_import.go:103.16,104.28 1 1
github.com/jkleemann/coltty/cmd_import.go:105.16,106.28 1 1
github.com/jkleemann/coltty/cmd_import.go:107.10,108.97 1 1
github.com/jkleemann/coltty/cmd_import.go:113.53,119.24 6 1
github.com/jkleemann/coltty/cmd_import.go:119.24,121.42 2 1
github.com/jkleemann/coltty/cmd_import.go:121.42,123.28 2 1
github.com/jkleemann/coltty/cmd_import.go:123.28,125.5 1 0
github.com/jkleemann/coltty/cmd_import.go:126.4,127.39 2 1
github.com/jkleemann/coltty/cmd_import.go:127.39,129.5 1 1
github.com/jkleemann/coltty/cmd_import.go:130.4,132.28 3 1
github.com/jkleemann/coltty/cmd_import.go:132.28,134.5 1 1
github.com/jkleemann/coltty/cmd_import.go:135.4,135.23 1 1
github.com/jkleemann/coltty/cmd_import.go:137.3,137.23 1 1
github.com/jkleemann/coltty/cmd_import.go:139.2,139.18 1 1
github.com/jkleemann/coltty/cmd_import.go:139.18,141.3 1 1
github.com/jkleemann/coltty/cmd_import.go:142.2,142.33 1 1
github.com/jkleemann/coltty/cmd_import.go:142.33,144.3 1 1
github.com/jkleemann/coltty/cmd_import.go:145.2,145.33 1 1
github.com/jkleemann/coltty/cmd_import.go:145.33,147.3 1 1
github.com/jkleemann/coltty/cmd_import.go:148.2,148.17 1 1
github.com/jkleemann/coltty/cmd_import.go:148.17,150.3 1 1
github.com/jkleemann/coltty/cmd_import.go:151.2,151.19 1 1
github.com/jkleemann/coltty/cmd_import.go:156.61,163.16 5 1
github.com/jkleemann/coltty/cmd_import.go:163.16,165.3 1 0
github.com/jkleemann/coltty/cmd_import.go:166.2,166.16 1 1
github.com/jkleemann/coltty/cmd_import.go:166.16,168.3 1 1
github.com/jkleemann/coltty/cmd_import.go:169.2,169.24 1 1
github.com/jkleemann/coltty/cmd_import.go:169.24,171.3 1 1
github.com/jkleemann/coltty/cmd_import.go:173.2,173.44 1 1
github.com/jkleemann/coltty/cmd_import.go:173.44,175.3 1 1
github.com/jkleemann/coltty/cmd_import.go:176.2,179.68 2 1
github.com/jkleemann/coltty/cmd_import.go:179.68,181.3 1 0
github.com/jkleemann/coltty/cmd_import.go:184.2,185.16 2 1
github.com/jkleemann/coltty/cmd_import.go:185.16,187.3 1 0
github.com/jkleemann/coltty/cmd_import.go:188.2,190.62 2 1
github.com/jkleemann/coltty/cmd_import.go:190.62,194.3 3 0
github.com/jkleemann/coltty/cmd_import.go:196.2,196.41 1 1
github.com/jkleemann/coltty/cmd_import.go:196.41,199.3 2 0
github.com/jkleemann/coltty/cmd_import.go:201.2,201.56 1 1
github.com/jkleemann/coltty/cmd_import.go:201.56,204.3 2 0
github.com/jkleemann/coltty/cmd_import.go:206.2,207.12 2 1
github.com/jkleemann/coltty/cmd_import.go:210.13,217.2 5 1
github.com/jkleemann/coltty/cmd_setup.go:27.54,29.17 2 1
github.com/jkleemann/coltty/cmd_setup.go:29.17,31.4 1 0
github.com/jkleemann/coltty/cmd_setup.go:34.3,35.41 2 1
github.com/jkleemann/coltty/cmd_setup.go:35.41,37.4 1 1
github.com/jkleemann/coltty/cmd_setup.go:38.3,38.23 1 1
github.com/jkleemann/coltty/cmd_setup.go:38.23,39.43 1 1
github.com/jkleemann/coltty/cmd_setup.go:39.43,41.5 1 1
github.com/jkleemann/coltty/cmd_setup.go:44.3,44.24 1 1
github.com/jkleemann/coltty/cmd_setup.go:44.24,47.4 2 0
github.com/jkleemann/coltty/cmd_setup.go:50.3,51.29 2 1
github.com/jkleemann/coltty/cmd_setup.go:51.29,53.4 1 1
github.com/jkleemann/coltty/cmd_setup.go:54.3,57.20 3 1
github.com/jkleemann/coltty/cmd_setup.go:57.20,59.4 1 0
github.com/jkleemann/coltty/cmd_setup.go:61.3,62.30 2 1
github.com/jkleemann/coltty/cmd_setup.go:62.30,65.34 3 1
github.com/jkleemann/coltty/cmd_setup.go:65.34,67.5 1 1
github.com/jkleemann/coltty/cmd_setup.go:68.4,75.34 2 1
github.com/jkleemann/coltty/cmd_setup.go:75.34,77.5 1 1
github.com/jkleemann/coltty/cmd_setup.go:79.4,80.18 2 1
github.com/jkleemann/coltty/cmd_setup.go:80.18,82.13 2 0
github.com/jkleemann/coltty/cmd_setup.go:85.4,85.41 1 1
github.com/jkleemann/coltty/cmd_setup.go:85.41,87.13 2 0
github.com/jkleemann/coltty/cmd_setup.go:90.4,91.13 2 1
github.com/jkleemann/coltty/cmd_setup.go:94.3,95.13 2 1
github.com/jkleemann/coltty/cmd_setup.go:99.13,102.2 2 1
github.com/jkleemann/coltty/config.go:64.43,67.36 2 1
github.com/jkleemann/coltty/config.go:67.36,68.55 1 1
github.com/jkleemann/coltty/config.go:68.55,70.4 1 1
github.com/jkleemann/coltty/config.go:73.2,81.30 8 1
github.com/jkleemann/coltty/config.go:81.30,82.47 1 1
github.com/jkleemann/coltty/config.go:82.47,84.4 1 1
github.com/jkleemann/coltty/config.go:87.2,87.22 1 1
github.com/jkleemann/coltty/config.go:87.22,89.3 1 1
github.com/jkleemann/coltty/config.go:90.2,90.12 1 1
github.com/jkleemann/coltty/config.go:190.41,192.35 2 1
github.com/jkleemann/coltty/config.go:192.35,194.3 1 1
github.com/jkleemann/coltty/config.go:195.2,195.15 1 1
github.com/jkleemann/coltty/config.go:202.32,203.36 1 1
github.com/jkleemann/coltty/config.go:203.36,205.3 1 1
github.com/jkleemann/coltty/config.go:206.2,206.52 1 1
github.com/jkleemann/coltty/config.go:206.52,208.3 1 1
github.com/jkleemann/coltty/config.go:209.2,210.64 2 1
github.com/jkleemann/coltty/config.go:215.48,217.2 1 1
github.com/jkleemann/coltty/config.go:220.63,222.16 2 1
github.com/jkleemann/coltty/config.go:222.16,223.25 1 1
github.com/jkleemann/coltty/config.go:223.25,225.4 1 1
github.com/jkleemann/coltty/config.go:226.3,226.18 1 1
github.com/jkleemann/coltty/config.go:229.2,230.51 2 1
github.com/jkleemann/coltty/config.go:230.51,232.3 1 1
github.com/jkleemann/coltty/config.go:233.2,233.18 1 1
github.com/jkleemann/coltty/config.go:237.53,239.16 2 1
github.com/jkleemann/coltty/config.go:239.16,241.3 1 1
github.com/jkleemann/coltty/config.go:243.2,244.51 2 1
github.com/jkleemann/coltty/config.go:244.51,246.3 1 1
github.com/jkleemann/coltty/config.go:247.2,247.18 1 1
github.com/jkleemann/coltty/config.go:252.95,256.19 3 1
github.com/jkleemann/coltty/config.go:256.19,259.23 2 1
github.com/jkleemann/coltty/config.go:259.23,261.4 1 1
github.com/jkleemann/coltty/config.go:262.3,262.19 1 1
github.com/jkleemann/coltty/config.go:262.19,264.4 1 1
github.com/jkleemann/coltty/config.go:265.8,267.26 2 1
github.com/jkleemann/coltty/config.go:267.26,268.24 1 1
github.com/jkleemann/coltty/config.go:268.24,269.54 1 1
github.com/jkleemann/coltty/config.go:269.54,271.6 1 1
github.com/jkleemann/coltty/config.go:274.4,274.29 1 1
github.com/jkleemann/coltty/config.go:274.29,275.51 1 1
github.com/jkleemann/coltty/config.go:275.51,277.6 1 1
github.com/jkleemann/coltty/config.go:279.9,279.44 1 1
github.com/jkleemann/coltty/config.go:279.44,282.4 1 1
github.com/jkleemann/coltty/config.go:284.3,284.48 1 1
github.com/jkleemann/coltty/config.go:287.2,300.3 1 1
github.com/jkleemann/coltty/config.go:303.63,304.22 1 1
github.com/jkleemann/coltty/config.go:304.22,306.3 1 1
github.com/jkleemann/coltty/config.go:307.2,307.36 1 1
github.com/jkleemann/coltty/config.go:307.36,308.63 1 1
github.com/jkleemann/coltty/config.go:308.63,310.4 1 1
github.com/jkleemann/coltty/config.go:311.3,311.60 1 1
github.com/jkleemann/coltty/config.go:311.60,313.4 1 1
github.com/jkleemann/coltty/config.go:315.2,315.31 1 1
github.com/jkleemann/coltty/config.go:318.42,329.2 1 1
github.com/jkleemann/coltty/config.go:331.52,332.32 1 1
github.com/jkleemann/coltty/config.go:332.32,334.3 1 1
github.com/jkleemann/coltty/config.go:335.2,335.32 1 1
github.com/jkleemann/coltty/config.go:335.32,337.3 1 1
github.com/jkleemann/coltty/config.go:338.2,338.28 1 1
github.com/jkleemann/coltty/config.go:338.28,340.3 1 1
github.com/jkleemann/coltty/config.go:341.2,341.32 1 1
github.com/jkleemann/coltty/config.go:341.32,343.3 1 1
github.com/jkleemann/coltty/config.go:344.2,344.26 1 1
github.com/jkleemann/coltty/config.go:344.26,346.3 1 1
github.com/jkleemann/coltty/config.go:347.2,347.41 1 1
github.com/jkleemann/coltty/config.go:347.41,349.3 1 1
github.com/jkleemann/coltty/config.go:350.2,350.41 1 1
github.com/jkleemann/coltty/config.go:350.41,352.3 1 1
github.com/jkleemann/coltty/config.go:353.2,353.25 1 1
github.com/jkleemann/coltty/config.go:353.25,355.3 1 1
github.com/jkleemann/coltty/config.go:356.2,356.33 1 1
github.com/jkleemann/coltty/config.go:356.33,358.3 1 1
github.com/jkleemann/coltty/config.go:359.2,359.40 1 1
github.com/jkleemann/coltty/config.go:359.40,361.3 1 1
github.com/jkleemann/coltty/config.go:362.2,362.13 1 1
github.com/jkleemann/coltty/import_base16.go:33.56,35.16 2 1
github.com/jkleemann/coltty/import_base16.go:35.16,37.3 1 1
github.com/jkleemann/coltty/import_base16.go:39.2,40.53 2 1
github.com/jkleemann/coltty/import_base16.go:40.53,42.3 1 1
github.com/jkleemann/coltty/import_base16.go:44.2,44.31 1 1
github.com/jkleemann/coltty/import_base16.go:44.31,46.14 2 1
github.com/jkleemann/coltty/import_base16.go:46.14,48.4 1 0
github.com/jkleemann/coltty/import_base16.go:49.3,49.33 1 1
github.com/jkleemann/coltty/import_base16.go:49.33,51.4 1 1
github.com/jkleemann/coltty/import_base16.go:52.3,52.28 1 1
github.com/jkleemann/coltty/import_base16.go:64.2,78.34 3 1
github.com/jkleemann/coltty/import_gogh.go:34.54,36.16 2 1
github.com/jkleemann/coltty/import_gogh.go:36.16,38.3 1 1
github.com/jkleemann/coltty/import_gogh.go:40.2,41.53 2 1
github.com/jkleemann/coltty/import_gogh.go:41.53,43.3 1 1
github.com/jkleemann/coltty/import_gogh.go:45.2,63.32 3 1
github.com/jkleemann/coltty/import_gogh.go:67.36,69.13 2 1
github.com/jkleemann/coltty/import_gogh.go:69.13,71.3 1 1
github.com/jkleemann/coltty/import_gogh.go:72.2,72.32 1 1
github.com/jkleemann/coltty/import_gogh.go:72.32,74.3 1 1
github.com/jkleemann/coltty/import_gogh.go:75.2,75.27 1 1
github.com/jkleemann/coltty/import_iterm2.go:18.45,23.2 4 1
github.com/jkleemann/coltty/import_iterm2.go:25.56,27.16 2 1
github.com/jkleemann/coltty/import_iterm2.go:27.16,29.3 1 1
github.com/jkleemann/coltty/import_iterm2.go:31.2,33.16 3 1
github.com/jkleemann/coltty/import_iterm2.go:33.16,35.3 1 1
github.com/jkleemann/coltty/import_iterm2.go:37.2,37.38 1 1
github.com/jkleemann/coltty/import_iterm2.go:37.38,38.28 1 1
github.com/jkleemann/coltty/import_iterm2.go:38.28,40.4 1 1
github.com/jkleemann/coltty/import_iterm2.go:41.3,41.12 1 0
github.com/jkleemann/coltty/import_iterm2.go:44.2,45.26 2 1
github.com/jkleemann/coltty/import_iterm2.go:45.26,48.3 2 1
github.com/jkleemann/coltty/import_iterm2.go:50.2,60.24 2 1
github.com/jkleemann/coltty/main.go:24.54,26.17 2 1
github.com/jkleemann/coltty/main.go:26.17,28.4 1 0
github.com/jkleemann/coltty/main.go:29.3,30.13 2 1
github.com/jkleemann/coltty/main.go:41.54,43.17 2 1
github.com/jkleemann/coltty/main.go:43.17,45.4 1 0
github.com/jkleemann/coltty/main.go:47.3,48.17 2 1
github.com/jkleemann/coltty/main.go:48.17,50.4 1 0
github.com/jkleemann/coltty/main.go:52.3,53.17 2 1
github.com/jkleemann/coltty/main.go:53.17,55.4 1 0
github.com/jkleemann/coltty/main.go:57.3,57.45 1 1
github.com/jkleemann/coltty/main.go:57.45,59.4 1 0
github.com/jkleemann/coltty/main.go:61.3,61.18 1 1
github.com/jkleemann/coltty/main.go:61.18,64.4 2 1
github.com/jkleemann/coltty/main.go:66.3,68.40 2 0
github.com/jkleemann/coltty/main.go:68.40,70.4 1 0
github.com/jkleemann/coltty/main.go:72.3,73.15 2 0
github.com/jkleemann/coltty/main.go:73.15,74.19 1 0
github.com/jkleemann/coltty/main.go:74.19,76.5 1 0
github.com/jkleemann/coltty/main.go:77.4,77.14 1 0
github.com/jkleemann/coltty/main.go:80.3,80.48 1 0
github.com/jkleemann/coltty/main.go:80.48,81.19 1 0
github.com/jkleemann/coltty/main.go:81.19,83.5 1 0
github.com/jkleemann/coltty/main.go:84.4,84.14 1 0
github.com/jkleemann/coltty/main.go:87.3,87.18 1 0
github.com/jkleemann/coltty/main.go:87.18,89.4 1 0
github.com/jkleemann/coltty/main.go:91.3,91.13 1 0
github.com/jkleemann/coltty/main.go:98.54,100.17 2 1
github.com/jkleemann/coltty/main.go:100.17,102.4 1 0
github.com/jkleemann/coltty/main.go:104.3,105.17 2 1
github.com/jkleemann/coltty/main.go:105.17,107.4 1 0
github.com/jkleemann/coltty/main.go:109.3,110.17 2 1
github.com/jkleemann/coltty/main.go:110.17,112.4 1 0
github.com/jkleemann/coltty/main.go:114.3,115.13 2 1
github.com/jkleemann/coltty/main.go:122.54,124.17 2 1
github.com/jkleemann/coltty/main.go:124.17,126.4 1 0
github.com/jkleemann/coltty/main.go:128.3,129.23 2 1
github.com/jkleemann/coltty/main.go:129.23,131.4 1 1
github.com/jkleemann/coltty/main.go:134.3,141.41 3 1
github.com/jkleemann/coltty/main.go:141.41,143.4 1 1
github.com/jkleemann/coltty/main.go:146.3,146.23 1 1
github.com/jkleemann/coltty/main.go:146.23,147.43 1 1
github.com/jkleemann/coltty/main.go:147.43,149.49 2 1
github.com/jkleemann/coltty/main.go:149.49,151.6 1 1
github.com/jkleemann/coltty/main.go:152.5,152.53 1 1
github.com/jkleemann/coltty/main.go:156.3,156.24 1 1
github.com/jkleemann/coltty/main.go:156.24,159.4 2 0
github.com/jkleemann/coltty/main.go:161.3,162.29 2 1
github.com/jkleemann/coltty/main.go:162.29,164.4 1 1
github.com/jkleemann/coltty/main.go:165.3,167.30 2 1
github.com/jkleemann/coltty/main.go:167.30,170.29 3 1
github.com/jkleemann/coltty/main.go:170.29,172.5 1 1
github.com/jkleemann/coltty/main.go:173.4,173.127 1 1
github.com/jkleemann/coltty/main.go:176.3,176.13 1 1
github.com/jkleemann/coltty/main.go:184.54,188.17 3 1
github.com/jkleemann/coltty/main.go:188.17,190.4 1 0
github.com/jkleemann/coltty/main.go:193.3,194.10 2 1
github.com/jkleemann/coltty/main.go:194.10,196.4 1 1
github.com/jkleemann/coltty/main.go:198.3,201.48 2 1
github.com/jkleemann/coltty/main.go:201.48,203.4 1 1
github.com/jkleemann/coltty/main.go:205.3,206.16 2 1
github.com/jkleemann/coltty/main.go:206.16,208.4 1 1
github.com/jkleemann/coltty/main.go:208.9,210.4 1 1
github.com/jkleemann/coltty/main.go:212.3,212.73 1 1
github.com/jkleemann/coltty/main.go:212.73,214.4 1 0
github.com/jkleemann/coltty/main.go:217.3,234.15 4 1
github.com/jkleemann/coltty/main.go:234.15,235.49 1 1
github.com/jkleemann/coltty/main.go:235.49,237.5 1 0
github.com/jkleemann/coltty/main.go:240.3,241.13 2 1
github.com/jkleemann/coltty/main.go:246.72,247.22 1 1
github.com/jkleemann/coltty/main.go:247.22,248.43 1 1
github.com/jkleemann/coltty/main.go:248.43,250.4 1 0
github.com/jkleemann/coltty/main.go:252.2,252.39 1 1
github.com/jkleemann/coltty/main.go:252.39,254.3 1 1
github.com/jkleemann/coltty/main.go:255.2,255.24 1 1
github.com/jkleemann/coltty/main.go:259.61,265.24 6 1
github.com/jkleemann/coltty/main.go:265.24,267.42 2 1
github.com/jkleemann/coltty/main.go:267.42,269.28 2 1
github.com/jkleemann/coltty/main.go:269.28,271.5 1 0
github.com/jkleemann/coltty/main.go:272.4,273.39 2 1
github.com/jkleemann/coltty/main.go:273.39,275.5 1 1
github.com/jkleemann/coltty/main.go:276.4,278.28 3 1
github.com/jkleemann/coltty/main.go:278.28,280.5 1 1
github.com/jkleemann/coltty/main.go:281.4,281.23 1 1
github.com/jkleemann/coltty/main.go:283.3,283.23 1 1
github.com/jkleemann/coltty/main.go:285.2,285.19 1 1
github.com/jkleemann/coltty/main.go:288.13,299.2 8 1
github.com/jkleemann/coltty/main.go:301.13,302.42 1 0
github.com/jkleemann/coltty/main.go:302.42,304.3 1 0
github.com/jkleemann/coltty/main.go:307.37,312.24 5 1
github.com/jkleemann/coltty/main.go:312.24,314.3 1 1
github.com/jkleemann/coltty/main.go:317.65,319.18 2 1
github.com/jkleemann/coltty/main.go:319.18,321.3 1 1
github.com/jkleemann/coltty/main.go:322.2,322.33 1 1
github.com/jkleemann/coltty/main.go:322.33,324.3 1 1
github.com/jkleemann/coltty/main.go:325.2,325.33 1 1
github.com/jkleemann/coltty/main.go:325.33,327.3 1 1
github.com/jkleemann/coltty/main.go:328.2,328.17 1 1
github.com/jkleemann/coltty/main.go:328.17,330.3 1 1
github.com/jkleemann/coltty/main.go:331.2,331.25 1 1
github.com/jkleemann/coltty/main.go:331.25,333.3 1 1
github.com/jkleemann/coltty/main.go:334.2,334.32 1 1
github.com/jkleemann/coltty/main.go:334.32,336.3 1 1
github.com/jkleemann/coltty/main.go:339.2,340.21 2 1
github.com/jkleemann/coltty/main.go:340.21,342.3 1 1
github.com/jkleemann/coltty/main.go:344.2,351.3 1 1
github.com/jkleemann/coltty/resolver.go:14.81,16.16 2 1
github.com/jkleemann/coltty/resolver.go:16.16,18.3 1 0
github.com/jkleemann/coltty/resolver.go:20.2,22.6 2 1
github.com/jkleemann/coltty/resolver.go:22.6,24.48 2 1
github.com/jkleemann/coltty/resolver.go:24.48,26.18 2 1
github.com/jkleemann/coltty/resolver.go:26.18,30.10 3 1
github.com/jkleemann/coltty/resolver.go:32.4,33.9 2 1
github.com/jkleemann/coltty/resolver.go:36.3,37.20 2 1
github.com/jkleemann/coltty/resolver.go:37.20,38.9 1 1
github.com/jkleemann/coltty/resolver.go:40.3,40.15 1 1
github.com/jkleemann/coltty/resolver.go:43.2,43.19 1 1
github.com/jkleemann/coltty/resolver.go:43.19,46.3 1 1
github.com/jkleemann/coltty/resolver.go:48.2,48.20 1 1
github.com/jkleemann/coltty/shell.go:6.46,7.15 1 1
github.com/jkleemann/coltty/shell.go:8.13,9.24 1 1
github.com/jkleemann/coltty/shell.go:10.14,11.25 1 1
github.com/jkleemann/coltty/shell.go:12.14,13.25 1 1
github.com/jkleemann/coltty/shell.go:14.10,15.85 1 1
github.com/jkleemann/coltty/shell.go:19.23,25.2 1 1
github.com/jkleemann/coltty/shell.go:27.24,38.2 1 1
github.com/jkleemann/coltty/shell.go:40.24,47.2 1 1
